[0m[[0mdebug[0m] [0mRunning TaskDef(edu.knoldus.PurchaseHandlerSpec, org.scalatest.tools.Framework$$anon$1@47c8086, false, [SuiteSelector])[0m
[0m[[0mdebug[0m] [0mRunning TaskDef(edu.knoldus.PurchaseActorSpec, org.scalatest.tools.Framework$$anon$1@47c8086, false, [SuiteSelector])[0m
[0m[[0mdebug[0m] [0mRunning TaskDef(edu.knoldus.ValidationActorSpec, org.scalatest.tools.Framework$$anon$1@47c8086, false, [SuiteSelector])[0m
[0m[[0minfo[0m] [0m[36mRun completed in 1 minute, 40 seconds.[0m[0m
[0m[[0minfo[0m] [0m[36mTotal number of tests run: 3[0m[0m
[0m[[0minfo[0m] [0m[36mSuites: completed 3, aborted 0[0m[0m
[0m[[0minfo[0m] [0m[36mTests: succeeded 2, failed 1, canceled 0, ignored 0, pending 0[0m[0m
[0m[[0minfo[0m] [0m[31m*** 1 TEST FAILED ***[0m[0m
[0m[[0mdebug[0m] [0mPassed tests:[0m
[0m[[0mdebug[0m] [0m	edu.knoldus.PurchaseActorSpec[0m
[0m[[0mdebug[0m] [0m	edu.knoldus.ValidationActorSpec[0m
[0m[[31merror[0m] [0mFailed tests:[0m
[0m[[31merror[0m] [0m	edu.knoldus.PurchaseHandlerSpec[0m
[0m[[31merror[0m] [0m(test:[31mtest[0m) sbt.TestsFailedException: Tests unsuccessful[0m
