[0m[[0minfo[0m] [0m[32mPurchaseRequestHandlerSpec:[0m[0m
[0m[[0minfo[0m] [0m[32mPurchaseRequestHandler[0m[0m
[0m[[0minfo[0m] [0m[31m- must log Purchase request handler when receives a request *** FAILED ***[0m[0m
[0m[[0minfo[0m] [0m[31m  java.lang.AssertionError: timeout (3 seconds) waiting for 1 messages on InfoFilter(None,Left(Purchase request handler),true)[0m[0m
[0m[[0minfo[0m] [0m[31m  at akka.testkit.EventFilter.intercept(TestEventListener.scala:114)[0m[0m
[0m[[0minfo[0m] [0m[31m  at PurchaseRequestHandlerSpec$$anonfun$1$$anonfun$apply$mcV$sp$1.apply$mcV$sp(PurchaseHandlerSpec.scala:41)[0m[0m
[0m[[0minfo[0m] [0m[31m  at PurchaseRequestHandlerSpec$$anonfun$1$$anonfun$apply$mcV$sp$1.apply(PurchaseHandlerSpec.scala:34)[0m[0m
[0m[[0minfo[0m] [0m[31m  at PurchaseRequestHandlerSpec$$anonfun$1$$anonfun$apply$mcV$sp$1.apply(PurchaseHandlerSpec.scala:34)[0m[0m
[0m[[0minfo[0m] [0m[31m  at org.scalatest.OutcomeOf$class.outcomeOf(OutcomeOf.scala:85)[0m[0m
[0m[[0minfo[0m] [0m[31m  at org.scalatest.OutcomeOf$.outcomeOf(OutcomeOf.scala:104)[0m[0m
[0m[[0minfo[0m] [0m[31m  at org.scalatest.Transformer.apply(Transformer.scala:22)[0m[0m
[0m[[0minfo[0m] [0m[31m  at org.scalatest.Transformer.apply(Transformer.scala:20)[0m[0m
[0m[[0minfo[0m] [0m[31m  at org.scalatest.WordSpecLike$$anon$1.apply(WordSpecLike.scala:1078)[0m[0m
[0m[[0minfo[0m] [0m[31m  at org.scalatest.TestSuite$class.withFixture(TestSuite.scala:196)[0m[0m
[0m[[0minfo[0m] [0m[31m  ...[0m[0m
